TN:
SF:/Users/txzhang/github/paper-typeahead-input/paper-typeahead-input.html
FN:330,(anonymous_1)
FN:337,(anonymous_2)
FN:348,(anonymous_3)
FN:357,(anonymous_4)
FN:363,(anonymous_5)
FN:370,(anonymous_6)
FN:376,(anonymous_7)
FN:385,(anonymous_8)
FN:413,(anonymous_9)
FN:430,(anonymous_10)
FN:439,(anonymous_11)
FN:463,(anonymous_12)
FN:491,(anonymous_13)
FN:551,(anonymous_14)
FN:560,(anonymous_15)
FN:574,(anonymous_16)
FN:618,(anonymous_17)
FN:624,(anonymous_18)
FNF:18
FNH:9
FNDA:4,(anonymous_1)
FNDA:0,(anonymous_2)
FNDA:4,(anonymous_3)
FNDA:4,(anonymous_4)
FNDA:18,(anonymous_5)
FNDA:6,(anonymous_6)
FNDA:0,(anonymous_7)
FNDA:0,(anonymous_8)
FNDA:0,(anonymous_9)
FNDA:36,(anonymous_10)
FNDA:11,(anonymous_11)
FNDA:0,(anonymous_12)
FNDA:0,(anonymous_13)
FNDA:0,(anonymous_14)
FNDA:486,(anonymous_15)
FNDA:11,(anonymous_16)
FNDA:0,(anonymous_17)
FNDA:0,(anonymous_18)
DA:136,1
DA:337,4
DA:338,0
DA:339,0
DA:340,0
DA:341,0
DA:344,4
DA:345,4
DA:364,18
DA:365,18
DA:366,8
DA:368,10
DA:371,6
DA:372,1
DA:374,5
DA:377,0
DA:386,0
DA:387,0
DA:389,0
DA:391,0
DA:392,0
DA:393,0
DA:395,0
DA:396,0
DA:399,0
DA:401,0
DA:402,0
DA:403,0
DA:404,0
DA:405,0
DA:414,0
DA:415,0
DA:416,0
DA:417,0
DA:418,0
DA:419,0
DA:420,0
DA:423,0
DA:431,36
DA:432,29
DA:434,7
DA:440,11
DA:441,2
DA:442,2
DA:444,9
DA:446,9
DA:447,0
DA:450,9
DA:451,0
DA:452,0
DA:454,9
DA:455,2
DA:456,2
DA:458,7
DA:464,0
DA:465,0
DA:466,0
DA:467,0
DA:469,0
DA:470,0
DA:471,0
DA:474,0
DA:477,0
DA:478,0
DA:479,0
DA:480,0
DA:483,0
DA:492,0
DA:494,0
DA:495,0
DA:496,0
DA:497,0
DA:498,0
DA:499,0
DA:501,0
DA:502,0
DA:503,0
DA:505,0
DA:507,0
DA:508,0
DA:509,0
DA:510,0
DA:511,0
DA:512,0
DA:514,0
DA:515,0
DA:517,0
DA:518,0
DA:519,0
DA:520,0
DA:521,0
DA:522,0
DA:524,0
DA:525,0
DA:526,0
DA:529,0
DA:531,0
DA:532,0
DA:533,0
DA:537,0
DA:541,0
DA:542,0
DA:543,0
DA:546,0
DA:552,0
DA:553,0
DA:556,0
DA:557,0
DA:561,486
DA:562,0
DA:563,0
DA:564,0
DA:565,0
DA:568,0
DA:571,486
DA:575,11
DA:576,2
DA:577,2
DA:578,2
DA:580,9
DA:581,9
DA:583,9
DA:584,9
DA:585,491
DA:586,5
DA:588,486
DA:589,486
DA:590,486
DA:591,486
DA:592,33
DA:593,33
DA:598,9
DA:599,9
DA:600,0
DA:601,0
DA:603,0
DA:604,0
DA:605,0
DA:606,0
DA:607,0
DA:608,0
DA:614,9
DA:615,0
DA:616,0
DA:617,0
DA:618,0
DA:619,0
DA:620,0
DA:621,0
DA:622,0
DA:623,0
DA:624,0
DA:625,0
DA:626,0
DA:627,0
DA:628,0
DA:629,0
DA:630,0
DA:632,0
DA:634,0
DA:635,0
DA:640,0
DA:644,9
DA:646,9
LF:164
LH:47
BRDA:365,1,0,8
BRDA:365,1,1,10
BRDA:365,2,0,18
BRDA:365,2,1,11
BRDA:365,2,2,11
BRDA:371,3,0,1
BRDA:371,3,1,5
BRDA:371,4,0,6
BRDA:371,4,1,1
BRDA:371,4,2,1
BRDA:386,5,0,0
BRDA:386,5,1,0
BRDA:386,6,0,0
BRDA:386,6,1,0
BRDA:389,7,0,0
BRDA:389,7,1,0
BRDA:391,8,0,0
BRDA:391,8,1,0
BRDA:391,9,0,0
BRDA:391,9,1,0
BRDA:391,9,2,0
BRDA:393,10,0,0
BRDA:393,10,1,0
BRDA:415,11,0,0
BRDA:415,11,1,0
BRDA:415,12,0,0
BRDA:415,12,1,0
BRDA:431,13,0,29
BRDA:431,13,1,7
BRDA:431,14,0,36
BRDA:431,14,1,29
BRDA:440,15,0,2
BRDA:440,15,1,9
BRDA:446,16,0,0
BRDA:446,16,1,9
BRDA:450,17,0,0
BRDA:450,17,1,9
BRDA:454,18,0,2
BRDA:454,18,1,7
BRDA:465,19,0,0
BRDA:465,19,1,0
BRDA:465,20,0,0
BRDA:465,20,1,0
BRDA:469,21,0,0
BRDA:469,21,1,0
BRDA:492,22,0,0
BRDA:492,22,1,0
BRDA:497,23,0,0
BRDA:497,23,1,0
BRDA:505,24,0,0
BRDA:505,24,1,0
BRDA:509,25,0,0
BRDA:509,25,1,0
BRDA:517,26,0,0
BRDA:517,26,1,0
BRDA:519,27,0,0
BRDA:519,27,1,0
BRDA:519,28,0,0
BRDA:519,28,1,0
BRDA:521,29,0,0
BRDA:521,29,1,0
BRDA:524,30,0,0
BRDA:524,30,1,0
BRDA:537,31,0,0
BRDA:537,31,1,0
BRDA:542,32,0,0
BRDA:542,32,1,0
BRDA:542,33,0,0
BRDA:542,33,1,0
BRDA:552,34,0,0
BRDA:552,34,1,0
BRDA:552,35,0,0
BRDA:552,35,1,0
BRDA:561,36,0,0
BRDA:561,36,1,486
BRDA:564,37,0,0
BRDA:564,37,1,0
BRDA:575,38,0,2
BRDA:575,38,1,9
BRDA:583,39,0,9
BRDA:583,39,1,0
BRDA:585,40,0,5
BRDA:585,40,1,486
BRDA:591,41,0,33
BRDA:591,41,1,453
BRDA:598,42,0,9
BRDA:598,42,1,0
BRDA:600,43,0,0
BRDA:600,43,1,0
BRDA:606,44,0,0
BRDA:606,44,1,0
BRDA:614,45,0,0
BRDA:614,45,1,9
BRDA:625,46,0,0
BRDA:625,46,1,0
BRDA:626,47,0,0
BRDA:626,47,1,0
BRF:97
BRH:30
end_of_record
